                        .module reset.c
                        .area text(rom, con, rel)
 0000                   .dbfile reset.c
 0000                   .dbfile F:\avr\状态机大作业\reset.c
 0000                   .dbfunc e reset _reset fV
                        .even
 0000           _reset::
 0000                   .dbline -1
 0000                   .dbline 5
 0000           ; #include<iom16v.h>
 0000           ; #include<macros.h>
 0000           ; 
 0000           ; void reset()
 0000           ; {
 0000                   .dbline 6
 0000           ;       WDTCR |= ((1 << WDTOE) | (1 << WDE));                           /*启动时序                                                      */
 0000 81B5              in R24,0x21
 0002 8861              ori R24,24
 0004 81BD              out 0x21,R24
 0006                   .dbline 7
 0006           ;       WDTCR = (1<< WDE);              
 0006 88E0              ldi R24,8
 0008 81BD              out 0x21,R24
 000A                   .dbline -2
 000A           L1:
 000A                   .dbline 0 ; func end
 000A 0895              ret
 000C                   .dbend
 000C           ; }
